# JRE version: OpenJDK Runtime Environment Temurin-17.0.3+7 (17.0.3+7) (build 17.0.3+7)
# Java VM: OpenJDK 64-Bit Server VM Temurin-17.0.3+7 (17.0.3+7, mixed mode, sharing, tiered, compressed oops, compressed class ptrs, g1 gc, linux-amd64)
GC Precious Log:
 CPUs: 16 total, 16 available
 Memory: 32064M
 Large Page Support: Disabled
 NUMA Support: Disabled
 Compressed Oops: Enabled (Zero based)
 Heap Region Size: 4M
 Heap Min Capacity: 8M
 Heap Initial Capacity: 504M
 Heap Max Capacity: 8020M
 Pre-touch: Disabled
 Parallel Workers: 13
 Concurrent Workers: 3
 Concurrent Refinement Workers: 13
 Periodic GC: Disabled
Heap:
 garbage-first heap   total 524288K, used 101877K [0x000000060ac00000, 0x0000000800000000)
  region size 4096K, 11 young (45056K), 5 survivors (20480K)
 Metaspace       used 19878K, committed 20160K, reserved 1073152K
  class space    used 1573K, committed 1728K, reserved 1048576K
GC Heap History (12 events):
Event: 0.554 GC heap before
{Heap before GC invocations=0 (full 0):
 garbage-first heap   total 524288K, used 28640K [0x000000060ac00000, 0x0000000800000000)
  region size 4096K, 6 young (24576K), 0 survivors (0K)
 Metaspace       used 9782K, committed 10048K, reserved 1064960K
  class space    used 988K, committed 1152K, reserved 1048576K
}
Event: 0.556 GC heap after
{Heap after GC invocations=1 (full 0):
 garbage-first heap   total 524288K, used 9208K [0x000000060ac00000, 0x0000000800000000)
  region size 4096K, 1 young (4096K), 1 survivors (4096K)
 Metaspace       used 9782K, committed 10048K, reserved 1064960K
  class space    used 988K, committed 1152K, reserved 1048576K
}
Event: 1.157 GC heap before
{Heap before GC invocations=1 (full 0):
 garbage-first heap   total 524288K, used 33784K [0x000000060ac00000, 0x0000000800000000)
  region size 4096K, 8 young (32768K), 1 survivors (4096K)
 Metaspace       used 12268K, committed 12544K, reserved 1064960K
  class space    used 1153K, committed 1280K, reserved 1048576K
}
Event: 1.160 GC heap after
{Heap after GC invocations=2 (full 0):
 garbage-first heap   total 524288K, used 20108K [0x000000060ac00000, 0x0000000800000000)
  region size 4096K, 1 young (4096K), 1 survivors (4096K)
 Metaspace       used 12268K, committed 12544K, reserved 1064960K
  class space    used 1153K, committed 1280K, reserved 1048576K
}
Event: 1.886 GC heap before
{Heap before GC invocations=2 (full 0):
 garbage-first heap   total 524288K, used 89740K [0x000000060ac00000, 0x0000000800000000)
  region size 4096K, 19 young (77824K), 1 survivors (4096K)
 Metaspace       used 12502K, committed 12736K, reserved 1064960K
  class space    used 1167K, committed 1280K, reserved 1048576K
}
Event: 1.888 GC heap after
{Heap after GC invocations=3 (full 0):
 garbage-first heap   total 524288K, used 23221K [0x000000060ac00000, 0x0000000800000000)
  region size 4096K, 2 young (8192K), 2 survivors (8192K)
 Metaspace       used 12502K, committed 12736K, reserved 1064960K
  class space    used 1167K, committed 1280K, reserved 1048576K
}
Event: 7.497 GC heap before
{Heap before GC invocations=3 (full 0):
 garbage-first heap   total 524288K, used 273077K [0x000000060ac00000, 0x0000000800000000)
  region size 4096K, 58 young (237568K), 2 survivors (8192K)
 Metaspace       used 17335K, committed 17536K, reserved 1073152K
  class space    used 1473K, committed 1600K, reserved 1048576K
}
Event: 7.505 GC heap after
{Heap after GC invocations=4 (full 0):
 garbage-first heap   total 524288K, used 60402K [0x000000060ac00000, 0x0000000800000000)
  region size 4096K, 8 young (32768K), 8 survivors (32768K)
 Metaspace       used 17335K, committed 17536K, reserved 1073152K
  class space    used 1473K, committed 1600K, reserved 1048576K
}
Event: 12.149 GC heap before
{Heap before GC invocations=4 (full 0):
 garbage-first heap   total 524288K, used 261106K [0x000000060ac00000, 0x0000000800000000)
  region size 4096K, 54 young (221184K), 8 survivors (32768K)
 Metaspace       used 17682K, committed 17984K, reserved 1073152K
  class space    used 1474K, committed 1600K, reserved 1048576K
}
Event: 12.154 GC heap after
{Heap after GC invocations=5 (full 0):
 garbage-first heap   total 524288K, used 80120K [0x000000060ac00000, 0x0000000800000000)
  region size 4096K, 6 young (24576K), 6 survivors (24576K)
 Metaspace       used 17682K, committed 17984K, reserved 1073152K
  class space    used 1474K, committed 1600K, reserved 1048576K
}
Event: 47.594 GC heap before
{Heap before GC invocations=5 (full 0):
 garbage-first heap   total 524288K, used 297208K [0x000000060ac00000, 0x0000000800000000)
  region size 4096K, 56 young (229376K), 6 survivors (24576K)
 Metaspace       used 19185K, committed 19456K, reserved 1073152K
  class space    used 1561K, committed 1664K, reserved 1048576K
}
Event: 47.599 GC heap after
{Heap after GC invocations=6 (full 0):
 garbage-first heap   total 524288K, used 81397K [0x000000060ac00000, 0x0000000800000000)
  region size 4096K, 5 young (20480K), 5 survivors (20480K)
 Metaspace       used 19185K, committed 19456K, reserved 1073152K
  class space    used 1561K, committed 1664K, reserved 1048576K
}

