# JRE version: Java(TM) SE Runtime Environment (8.0_171-b11) (build 1.8.0_171-b11)
# Java VM: Java HotSpot(TM) 64-Bit Server VM (25.171-b11 mixed mode windows-amd64 compressed oops)
Heap:
 PSYoungGen      total 169984K, used 71402K [0x0000000715900000, 0x0000000723d80000, 0x00000007c0000000)
  eden space 119296K, 24% used [0x0000000715900000,0x00000007176034f8,0x000000071cd80000)
  from space 50688K, 82% used [0x0000000720400000,0x0000000722cb7490,0x0000000723580000)
  to   space 55808K, 0% used [0x000000071cd80000,0x000000071cd80000,0x0000000720400000)
 ParOldGen       total 226816K, used 47056K [0x00000005c0a00000, 0x00000005ce780000, 0x0000000715900000)
  object space 226816K, 20% used [0x00000005c0a00000,0x00000005c37f4128,0x00000005ce780000)
 Metaspace       used 27754K, capacity 27978K, committed 28288K, reserved 1075200K
  class space    used 2084K, capacity 2167K, committed 2176K, reserved 1048576K
GC Heap History (10 events):
Event: 10.142 GC heap before
{Heap before GC invocations=5 (full 1):
 PSYoungGen      total 153088K, used 131584K [0x0000000715900000, 0x0000000720380000, 0x00000007c0000000)
  eden space 131584K, 100% used [0x0000000715900000,0x000000071d980000,0x000000071d980000)
  from space 21504K, 0% used [0x000000071d980000,0x000000071d980000,0x000000071ee80000)
  to   space 21504K, 0% used [0x000000071ee80000,0x000000071ee80000,0x0000000720380000)
 ParOldGen       total 226816K, used 27117K [0x00000005c0a00000, 0x00000005ce780000, 0x0000000715900000)
  object space 226816K, 11% used [0x00000005c0a00000,0x00000005c247b660,0x00000005ce780000)
 Metaspace       used 24890K, capacity 25162K, committed 25344K, reserved 1073152K
  class space    used 1976K, capacity 2039K, committed 2048K, reserved 1048576K
Event: 10.144 GC heap after
Heap after GC invocations=5 (full 1):
 PSYoungGen      total 153088K, used 6383K [0x0000000715900000, 0x0000000724200000, 0x00000007c0000000)
  eden space 131584K, 0% used [0x0000000715900000,0x0000000715900000,0x000000071d980000)
  from space 21504K, 29% used [0x000000071ee80000,0x000000071f4bbfc0,0x0000000720380000)
  to   space 21504K, 0% used [0x000000071d980000,0x000000071d980000,0x000000071ee80000)
 ParOldGen       total 226816K, used 27125K [0x00000005c0a00000, 0x00000005ce780000, 0x0000000715900000)
  object space 226816K, 11% used [0x00000005c0a00000,0x00000005c247d660,0x00000005ce780000)
 Metaspace       used 24890K, capacity 25162K, committed 25344K, reserved 1073152K
  class space    used 1976K, capacity 2039K, committed 2048K, reserved 1048576K
}
Event: 45.301 GC heap before
{Heap before GC invocations=6 (full 1):
 PSYoungGen      total 153088K, used 137967K [0x0000000715900000, 0x0000000724200000, 0x00000007c0000000)
  eden space 131584K, 100% used [0x0000000715900000,0x000000071d980000,0x000000071d980000)
  from space 21504K, 29% used [0x000000071ee80000,0x000000071f4bbfc0,0x0000000720380000)
  to   space 21504K, 0% used [0x000000071d980000,0x000000071d980000,0x000000071ee80000)
 ParOldGen       total 226816K, used 27125K [0x00000005c0a00000, 0x00000005ce780000, 0x0000000715900000)
  object space 226816K, 11% used [0x00000005c0a00000,0x00000005c247d660,0x00000005ce780000)
 Metaspace       used 25060K, capacity 25290K, committed 25600K, reserved 1073152K
  class space    used 1979K, capacity 2039K, committed 2048K, reserved 1048576K
Event: 45.302 GC heap after
Heap after GC invocations=6 (full 1):
 PSYoungGen      total 150528K, used 2593K [0x0000000715900000, 0x0000000722000000, 0x00000007c0000000)
  eden space 129024K, 0% used [0x0000000715900000,0x0000000715900000,0x000000071d700000)
  from space 21504K, 12% used [0x000000071d980000,0x000000071dc08720,0x000000071ee80000)
  to   space 37376K, 0% used [0x000000071fb80000,0x000000071fb80000,0x0000000722000000)
 ParOldGen       total 226816K, used 27133K [0x00000005c0a00000, 0x00000005ce780000, 0x0000000715900000)
  object space 226816K, 11% used [0x00000005c0a00000,0x00000005c247f660,0x00000005ce780000)
 Metaspace       used 25060K, capacity 25290K, committed 25600K, reserved 1073152K
  class space    used 1979K, capacity 2039K, committed 2048K, reserved 1048576K
}
Event: 114.403 GC heap before
{Heap before GC invocations=7 (full 1):
 PSYoungGen      total 150528K, used 129475K [0x0000000715900000, 0x0000000722000000, 0x00000007c0000000)
  eden space 129024K, 98% used [0x0000000715900000,0x000000071d4e84e0,0x000000071d700000)
  from space 21504K, 12% used [0x000000071d980000,0x000000071dc08720,0x000000071ee80000)
  to   space 37376K, 0% used [0x000000071fb80000,0x000000071fb80000,0x0000000722000000)
 ParOldGen       total 226816K, used 27133K [0x00000005c0a00000, 0x00000005ce780000, 0x0000000715900000)
  object space 226816K, 11% used [0x00000005c0a00000,0x00000005c247f660,0x00000005ce780000)
 Metaspace       used 25953K, capacity 26186K, committed 26496K, reserved 1073152K
  class space    used 2026K, capacity 2103K, committed 2176K, reserved 1048576K
Event: 114.407 GC heap after
Heap after GC invocations=7 (full 1):
 PSYoungGen      total 155136K, used 17578K [0x0000000715900000, 0x0000000721780000, 0x00000007c0000000)
  eden space 126464K, 0% used [0x0000000715900000,0x0000000715900000,0x000000071d480000)
  from space 28672K, 61% used [0x000000071fb80000,0x0000000720caa9b8,0x0000000721780000)
  to   space 34304K, 0% used [0x000000071d480000,0x000000071d480000,0x000000071f600000)
 ParOldGen       total 226816K, used 27141K [0x00000005c0a00000, 0x00000005ce780000, 0x0000000715900000)
  object space 226816K, 11% used [0x00000005c0a00000,0x00000005c2481660,0x00000005ce780000)
 Metaspace       used 25953K, capacity 26186K, committed 26496K, reserved 1073152K
  class space    used 2026K, capacity 2103K, committed 2176K, reserved 1048576K
}
Event: 115.913 GC heap before
{Heap before GC invocations=8 (full 1):
 PSYoungGen      total 155136K, used 144042K [0x0000000715900000, 0x0000000721780000, 0x00000007c0000000)
  eden space 126464K, 100% used [0x0000000715900000,0x000000071d480000,0x000000071d480000)
  from space 28672K, 61% used [0x000000071fb80000,0x0000000720caa9b8,0x0000000721780000)
  to   space 34304K, 0% used [0x000000071d480000,0x000000071d480000,0x000000071f600000)
 ParOldGen       total 226816K, used 27141K [0x00000005c0a00000, 0x00000005ce780000, 0x0000000715900000)
  object space 226816K, 11% used [0x00000005c0a00000,0x00000005c2481660,0x00000005ce780000)
 Metaspace       used 26743K, capacity 26986K, committed 27264K, reserved 1075200K
  class space    used 2053K, capacity 2135K, committed 2176K, reserved 1048576K
Event: 115.925 GC heap after
Heap after GC invocations=8 (full 1):
 PSYoungGen      total 158720K, used 34274K [0x0000000715900000, 0x0000000723580000, 0x00000007c0000000)
  eden space 124416K, 0% used [0x0000000715900000,0x0000000715900000,0x000000071d280000)
  from space 34304K, 99% used [0x000000071d480000,0x000000071f5f8988,0x000000071f600000)
  to   space 50688K, 0% used [0x0000000720400000,0x0000000720400000,0x0000000723580000)
 ParOldGen       total 226816K, used 47056K [0x00000005c0a00000, 0x00000005ce780000, 0x0000000715900000)
  object space 226816K, 20% used [0x00000005c0a00000,0x00000005c37f4128,0x00000005ce780000)
 Metaspace       used 26743K, capacity 26986K, committed 27264K, reserved 1075200K
  class space    used 2053K, capacity 2135K, committed 2176K, reserved 1048576K
}
Event: 163.063 GC heap before
{Heap before GC invocations=9 (full 1):
 PSYoungGen      total 158720K, used 158690K [0x0000000715900000, 0x0000000723580000, 0x00000007c0000000)
  eden space 124416K, 100% used [0x0000000715900000,0x000000071d280000,0x000000071d280000)
  from space 34304K, 99% used [0x000000071d480000,0x000000071f5f8988,0x000000071f600000)
  to   space 50688K, 0% used [0x0000000720400000,0x0000000720400000,0x0000000723580000)
 ParOldGen       total 226816K, used 47056K [0x00000005c0a00000, 0x00000005ce780000, 0x0000000715900000)
  object space 226816K, 20% used [0x00000005c0a00000,0x00000005c37f4128,0x00000005ce780000)
 Metaspace       used 27708K, capacity 27914K, committed 28288K, reserved 1075200K
  class space    used 2084K, capacity 2167K, committed 2176K, reserved 1048576K
Event: 163.073 GC heap after
Heap after GC invocations=9 (full 1):
 PSYoungGen      total 169984K, used 41693K [0x0000000715900000, 0x0000000723d80000, 0x00000007c0000000)
  eden space 119296K, 0% used [0x0000000715900000,0x0000000715900000,0x000000071cd80000)
  from space 50688K, 82% used [0x0000000720400000,0x0000000722cb7490,0x0000000723580000)
  to   space 55808K, 0% used [0x000000071cd80000,0x000000071cd80000,0x0000000720400000)
 ParOldGen       total 226816K, used 47056K [0x00000005c0a00000, 0x00000005ce780000, 0x0000000715900000)
  object space 226816K, 20% used [0x00000005c0a00000,0x00000005c37f4128,0x00000005ce780000)
 Metaspace       used 27708K, capacity 27914K, committed 28288K, reserved 1075200K
  class space    used 2084K, capacity 2167K, committed 2176K, reserved 1048576K
}

