# JRE version: OpenJDK Runtime Environment Temurin-17.0.3+7 (17.0.3+7) (build 17.0.3+7)
# Java VM: OpenJDK 64-Bit Server VM Temurin-17.0.3+7 (17.0.3+7, mixed mode, sharing, tiered, compressed oops, compressed class ptrs, g1 gc, linux-amd64)
GC Precious Log:
 CPUs: 16 total, 16 available
 Memory: 32064M
 Large Page Support: Disabled
 NUMA Support: Disabled
 Compressed Oops: Enabled (Zero based)
 Heap Region Size: 4M
 Heap Min Capacity: 8M
 Heap Initial Capacity: 504M
 Heap Max Capacity: 8020M
 Pre-touch: Disabled
 Parallel Workers: 13
 Concurrent Workers: 3
 Concurrent Refinement Workers: 13
 Periodic GC: Disabled
Heap:
 garbage-first heap   total 524288K, used 322581K [0x000000060ac00000, 0x0000000800000000)
  region size 4096K, 47 young (192512K), 2 survivors (8192K)
 Metaspace       used 19637K, committed 19904K, reserved 1073152K
  class space    used 1575K, committed 1728K, reserved 1048576K
GC Heap History (12 events):
Event: 0.514 GC heap before
{Heap before GC invocations=0 (full 0):
 garbage-first heap   total 524288K, used 28640K [0x000000060ac00000, 0x0000000800000000)
  region size 4096K, 6 young (24576K), 0 survivors (0K)
 Metaspace       used 9849K, committed 10112K, reserved 1064960K
  class space    used 991K, committed 1152K, reserved 1048576K
}
Event: 0.517 GC heap after
{Heap after GC invocations=1 (full 0):
 garbage-first heap   total 524288K, used 9174K [0x000000060ac00000, 0x0000000800000000)
  region size 4096K, 1 young (4096K), 1 survivors (4096K)
 Metaspace       used 9849K, committed 10112K, reserved 1064960K
  class space    used 991K, committed 1152K, reserved 1048576K
}
Event: 1.060 GC heap before
{Heap before GC invocations=1 (full 0):
 garbage-first heap   total 524288K, used 33750K [0x000000060ac00000, 0x0000000800000000)
  region size 4096K, 8 young (32768K), 1 survivors (4096K)
 Metaspace       used 12290K, committed 12480K, reserved 1064960K
  class space    used 1145K, committed 1280K, reserved 1048576K
}
Event: 1.064 GC heap after
{Heap after GC invocations=2 (full 0):
 garbage-first heap   total 524288K, used 22586K [0x000000060ac00000, 0x0000000800000000)
  region size 4096K, 1 young (4096K), 1 survivors (4096K)
 Metaspace       used 12290K, committed 12480K, reserved 1064960K
  class space    used 1145K, committed 1280K, reserved 1048576K
}
Event: 2.954 GC heap before
{Heap before GC invocations=2 (full 0):
 garbage-first heap   total 524288K, used 227386K [0x000000060ac00000, 0x0000000800000000)
  region size 4096K, 22 young (90112K), 1 survivors (4096K)
 Metaspace       used 13303K, committed 13504K, reserved 1064960K
  class space    used 1240K, committed 1344K, reserved 1048576K
}
Event: 2.956 GC heap after
{Heap after GC invocations=3 (full 0):
 garbage-first heap   total 524288K, used 47760K [0x000000060ac00000, 0x0000000800000000)
  region size 4096K, 3 young (12288K), 3 survivors (12288K)
 Metaspace       used 13303K, committed 13504K, reserved 1064960K
  class space    used 1240K, committed 1344K, reserved 1048576K
}
Event: 7.084 GC heap before
{Heap before GC invocations=3 (full 0):
 garbage-first heap   total 524288K, used 223888K [0x000000060ac00000, 0x0000000800000000)
  region size 4096K, 43 young (176128K), 3 survivors (12288K)
 Metaspace       used 17165K, committed 17408K, reserved 1073152K
  class space    used 1472K, committed 1600K, reserved 1048576K
}
Event: 7.090 GC heap after
{Heap after GC invocations=4 (full 0):
 garbage-first heap   total 524288K, used 77364K [0x000000060ac00000, 0x0000000800000000)
  region size 4096K, 6 young (24576K), 6 survivors (24576K)
 Metaspace       used 17165K, committed 17408K, reserved 1073152K
  class space    used 1472K, committed 1600K, reserved 1048576K
}
Event: 10.518 GC heap before
{Heap before GC invocations=4 (full 0):
 garbage-first heap   total 524288K, used 257588K [0x000000060ac00000, 0x0000000800000000)
  region size 4096K, 46 young (188416K), 6 survivors (24576K)
 Metaspace       used 18855K, committed 19136K, reserved 1073152K
  class space    used 1550K, committed 1664K, reserved 1048576K
}
Event: 10.536 GC heap after
{Heap after GC invocations=5 (full 0):
 garbage-first heap   total 524288K, used 124456K [0x000000060ac00000, 0x0000000800000000)
  region size 4096K, 6 young (24576K), 6 survivors (24576K)
 Metaspace       used 18855K, committed 19136K, reserved 1073152K
  class space    used 1550K, committed 1664K, reserved 1048576K
}
Event: 13.002 GC heap before
{Heap before GC invocations=5 (full 0):
 garbage-first heap   total 524288K, used 263720K [0x000000060ac00000, 0x0000000800000000)
  region size 4096K, 40 young (163840K), 6 survivors (24576K)
 Metaspace       used 19159K, committed 19392K, reserved 1073152K
  class space    used 1557K, committed 1664K, reserved 1048576K
}
Event: 13.007 GC heap after
{Heap after GC invocations=6 (full 0):
 garbage-first heap   total 524288K, used 130069K [0x000000060ac00000, 0x0000000800000000)
  region size 4096K, 2 young (8192K), 2 survivors (8192K)
 Metaspace       used 19159K, committed 19392K, reserved 1073152K
  class space    used 1557K, committed 1664K, reserved 1048576K
}

