# JRE version: OpenJDK Runtime Environment Temurin-17.0.3+7 (17.0.3+7) (build 17.0.3+7)
# Java VM: OpenJDK 64-Bit Server VM Temurin-17.0.3+7 (17.0.3+7, mixed mode, sharing, tiered, compressed oops, compressed class ptrs, g1 gc, linux-amd64)
GC Precious Log:
 CPUs: 16 total, 16 available
 Memory: 32064M
 Large Page Support: Disabled
 NUMA Support: Disabled
 Compressed Oops: Enabled (Zero based)
 Heap Region Size: 4M
 Heap Min Capacity: 8M
 Heap Initial Capacity: 504M
 Heap Max Capacity: 8020M
 Pre-touch: Disabled
 Parallel Workers: 13
 Concurrent Workers: 3
 Concurrent Refinement Workers: 13
 Periodic GC: Disabled
Heap:
 garbage-first heap   total 524288K, used 192914K [0x000000060ac00000, 0x0000000800000000)
  region size 4096K, 30 young (122880K), 9 survivors (36864K)
 Metaspace       used 19543K, committed 19840K, reserved 1073152K
  class space    used 1564K, committed 1728K, reserved 1048576K
GC Heap History (12 events):
Event: 0.582 GC heap before
{Heap before GC invocations=0 (full 0):
 garbage-first heap   total 524288K, used 28640K [0x000000060ac00000, 0x0000000800000000)
  region size 4096K, 6 young (24576K), 0 survivors (0K)
 Metaspace       used 9776K, committed 10048K, reserved 1064960K
  class space    used 987K, committed 1152K, reserved 1048576K
}
Event: 0.584 GC heap after
{Heap after GC invocations=1 (full 0):
 garbage-first heap   total 524288K, used 9182K [0x000000060ac00000, 0x0000000800000000)
  region size 4096K, 1 young (4096K), 1 survivors (4096K)
 Metaspace       used 9776K, committed 10048K, reserved 1064960K
  class space    used 987K, committed 1152K, reserved 1048576K
}
Event: 1.178 GC heap before
{Heap before GC invocations=1 (full 0):
 garbage-first heap   total 524288K, used 33758K [0x000000060ac00000, 0x0000000800000000)
  region size 4096K, 8 young (32768K), 1 survivors (4096K)
 Metaspace       used 12219K, committed 12416K, reserved 1064960K
  class space    used 1141K, committed 1280K, reserved 1048576K
}
Event: 1.185 GC heap after
{Heap after GC invocations=2 (full 0):
 garbage-first heap   total 524288K, used 19882K [0x000000060ac00000, 0x0000000800000000)
  region size 4096K, 1 young (4096K), 1 survivors (4096K)
 Metaspace       used 12219K, committed 12416K, reserved 1064960K
  class space    used 1141K, committed 1280K, reserved 1048576K
}
Event: 3.128 GC heap before
{Heap before GC invocations=2 (full 0):
 garbage-first heap   total 524288K, used 306602K [0x000000060ac00000, 0x0000000800000000)
  region size 4096K, 20 young (81920K), 1 survivors (4096K)
 Metaspace       used 13482K, committed 13696K, reserved 1064960K
  class space    used 1265K, committed 1408K, reserved 1048576K
}
Event: 3.134 GC heap after
{Heap after GC invocations=3 (full 0):
 garbage-first heap   total 524288K, used 50508K [0x000000060ac00000, 0x0000000800000000)
  region size 4096K, 3 young (12288K), 3 survivors (12288K)
 Metaspace       used 13482K, committed 13696K, reserved 1064960K
  class space    used 1265K, committed 1408K, reserved 1048576K
}
Event: 5.643 GC heap before
{Heap before GC invocations=3 (full 0):
 garbage-first heap   total 524288K, used 169292K [0x000000060ac00000, 0x0000000800000000)
  region size 4096K, 29 young (118784K), 3 survivors (12288K)
 Metaspace       used 16497K, committed 16704K, reserved 1064960K
  class space    used 1430K, committed 1536K, reserved 1048576K
}
Event: 5.647 GC heap after
{Heap after GC invocations=4 (full 0):
 garbage-first heap   total 524288K, used 76934K [0x000000060ac00000, 0x0000000800000000)
  region size 4096K, 3 young (12288K), 3 survivors (12288K)
 Metaspace       used 16497K, committed 16704K, reserved 1064960K
  class space    used 1430K, committed 1536K, reserved 1048576K
}
Event: 9.047 GC heap before
{Heap before GC invocations=4 (full 0):
 garbage-first heap   total 524288K, used 203910K [0x000000060ac00000, 0x0000000800000000)
  region size 4096K, 30 young (122880K), 3 survivors (12288K)
 Metaspace       used 18005K, committed 18240K, reserved 1073152K
  class space    used 1520K, committed 1664K, reserved 1048576K
}
Event: 9.052 GC heap after
{Heap after GC invocations=5 (full 0):
 garbage-first heap   total 524288K, used 95008K [0x000000060ac00000, 0x0000000800000000)
  region size 4096K, 3 young (12288K), 3 survivors (12288K)
 Metaspace       used 18005K, committed 18240K, reserved 1073152K
  class space    used 1520K, committed 1664K, reserved 1048576K
}
Event: 13.177 GC heap before
{Heap before GC invocations=5 (full 0):
 garbage-first heap   total 524288K, used 389920K [0x000000060ac00000, 0x0000000800000000)
  region size 4096K, 75 young (307200K), 3 survivors (12288K)
 Metaspace       used 19216K, committed 19456K, reserved 1073152K
  class space    used 1555K, committed 1664K, reserved 1048576K
}
Event: 13.184 GC heap after
{Heap after GC invocations=6 (full 0):
 garbage-first heap   total 524288K, used 115090K [0x000000060ac00000, 0x0000000800000000)
  region size 4096K, 9 young (36864K), 9 survivors (36864K)
 Metaspace       used 19216K, committed 19456K, reserved 1073152K
  class space    used 1555K, committed 1664K, reserved 1048576K
}

